[2025-02-06T02:04:42.876Z] [31merror[39m: error al obtener el menu menu.getMenu is not a function
[2025-02-06T02:06:17.754Z] [31merror[39m: error al obtener el menu menu.getMenu is not a function
[2025-02-06T03:33:55.211Z] [31merror[39m: error al crear el menu menu validation failed: user: Path `user` is required.
[2025-02-06T03:35:53.798Z] [31merror[39m: error al crear el menu menu validation failed: user: Path `user` is required.
[2025-02-24T04:12:45.415Z] [31merror[39m: error al crear el menu menu validation failed: user: Path `user` is required.
[2025-02-24T04:13:05.051Z] [31merror[39m: error al crear el menu menu validation failed: user: Path `user` is required.
[2025-02-27T14:35:32.899Z] [31merror[39m: error al guardar el producto logger is not a function
[2025-02-27T14:35:48.071Z] [31merror[39m: error al guardar el producto logger is not a function
[2025-02-27T14:42:29.001Z] [31merror[39m: error al guardar el producto logger is not a function
[2025-02-27T14:42:38.214Z] [31merror[39m: error al guardar el producto logger is not a function
[2025-02-27T14:47:15.878Z] [31merror[39m: error al guardar el producto logger is not a function
[2025-02-27T14:47:52.073Z] [31merror[39m: error al guardar el producto logger is not a function
[2025-02-27T14:49:04.925Z] [31merror[39m: error al guardar el producto logger is not a function
[2025-02-27T14:49:28.603Z] [31merror[39m: error al guardar el producto logger is not a function
[2025-02-27T14:51:02.932Z] [31merror[39m: error al guardar el producto logger is not a function
[2025-02-27T14:55:58.456Z] [31merror[39m: error al guardar el producto logger is not a function
[2025-02-27T14:56:10.636Z] [31merror[39m: error al guardar el producto logger is not a function
[2025-02-27T14:58:36.742Z] [31merror[39m: error al guardar el producto logger is not a function
[2025-02-28T13:29:28.274Z] [31merror[39m: error al obtener los menues Operation `menus.find()` buffering timed out after 10000ms
[2025-02-28T13:29:31.802Z] [31merror[39m: error al obtener los menues Operation `menus.find()` buffering timed out after 10000ms
[2025-02-28T13:29:36.261Z] [31merror[39m: error al obtener las categorias Operation `categories.find()` buffering timed out after 10000ms
[2025-02-28T13:29:37.627Z] [31merror[39m: error al obtener los productos logger is not a function
[2025-02-28T13:29:41.820Z] [31merror[39m: error al obtener los menues Operation `menus.find()` buffering timed out after 10000ms
[2025-02-28T14:37:52.737Z] [31merror[39m: error al añadir la categoria al menu Category not found
[2025-02-28T14:38:33.298Z] [31merror[39m: error al añadir la categoria al menu Category not found
[2025-02-28T14:39:56.535Z] [31merror[39m: error al añadir la categoria al menu Category not found
[2025-02-28T14:42:25.417Z] [31merror[39m: error al añadir la categoria al menu Category not found
[2025-02-28T14:44:14.279Z] [31merror[39m: error al añadir la categoria al menu Category not found
[2025-02-28T14:48:30.670Z] [31merror[39m: error al añadir la categoria al menu Cannot access 'result' before initialization
[2025-02-28T14:51:21.874Z] [31merror[39m: error al añadir la categoria al menu Cannot access 'result' before initialization
[2025-03-01T00:11:09.440Z] [31merror[39m: error al añadir el producto a la categoría logger is not a function
[2025-03-01T00:11:22.051Z] [31merror[39m: error al añadir el producto a la categoría logger is not a function
[2025-03-01T00:16:49.308Z] [31merror[39m: error al añadir el producto a la categoría logger is not a function
